scanner.l:69: warning, rule cannot be matched
scanner.l:70: warning, rule cannot be matched
scanner.l:71: warning, rule cannot be matched
scanner.l:72: warning, rule cannot be matched
scanner.l:73: warning, rule cannot be matched
scanner.l:74: warning, rule cannot be matched
scanner.l:75: warning, rule cannot be matched
scanner.l:76: warning, rule cannot be matched
scanner.l:77: warning, rule cannot be matched
scanner.l:78: warning, rule cannot be matched
scanner.l:79: warning, rule cannot be matched
scanner.l:80: warning, rule cannot be matched
scanner.l:81: warning, rule cannot be matched
scanner.l:82: warning, rule cannot be matched
scanner.l:83: warning, rule cannot be matched
scanner.l:84: warning, rule cannot be matched
flex version 2.5.35 usage statistics:
  scanner options: -bdpsvI8 -Cem -oyylex.cpp
  301/2000 NFA states
  109/1000 DFA states (604 words)
  48 rules
  Compressed tables always back-up
  1/40 start conditions
  173 epsilon states, 75 double epsilon states
  22/100 character classes needed 215/500 words of storage, 0 reused
  1717 state/nextstate pairs created
  282/1435 unique/duplicate transitions
  114/1000 base-def entries created
  209/2000 (peak 309) nxt-chk entries created
  20/2500 (peak 235) template nxt-chk entries created
  0 empty table entries
  5 protos created
  5 templates created, 66 uses
  47/256 equivalence classes created
  4/256 meta-equivalence classes created
  0 (8 saved) hash collisions, 176 DFAs equal
  0 sets of reallocations needed
  949 total table entries needed
